<?xml version="1.0" encoding="UTF-8"?>
<!-- Generated by org.testng.reporters.JUnitXMLReporter -->
<testsuite ignored="0" hostname="workstation" failures="0" tests="6" name="All Groups Test" time="0.038" errors="0" timestamp="2023-11-06T13:42:11 ALMT">
  <testcase classname="testuniversity.Amazon_FakeSite" name="test1_LogIn" time="0.005"/>
  <testcase classname="testuniversity.Amazon_FakeSite" name="test2_SearchProducts" time="0.001"/>
  <testcase classname="testuniversity.Amazon_FakeSite" name="test3_PlaceOrder" time="0.001"/>
  <testcase classname="testuniversity.Amazon_FakeSite" name="test4_SendConfirmation" time="0.0"/>
  <testcase classname="testuniversity.Amazon_FakeSite" name="test5_ShipOrder" time="0.001"/>
  <testcase classname="testuniversity.Amazon_FakeSite" name="test6_LogOut" time="0.0"/>
</testsuite> <!-- All Groups Test -->
