<?xml version="1.0" encoding="UTF-8"?>
<!-- Generated by org.testng.reporters.JUnitXMLReporter -->
<testsuite ignored="3" hostname="workstation" failures="0" tests="3" name="Exclude Regression Groups Test" time="0.033" errors="0" timestamp="2023-11-06T13:43:41 ALMT">
  <testcase classname="testuniversity.Amazon_FakeSite" name="test1_LogIn" time="0.005"/>
  <testcase classname="testuniversity.Amazon_FakeSite" name="test4_SendConfirmation" time="0.001"/>
  <testcase classname="testuniversity.Amazon_FakeSite" name="test6_LogOut" time="0.001"/>
  <testcase classname="testuniversity.Amazon_FakeSite" name="test2_SearchProducts" time="0.0">
    <ignored/>
  </testcase> <!-- test2_SearchProducts -->
  <testcase classname="testuniversity.Amazon_FakeSite" name="test5_ShipOrder" time="0.0">
    <ignored/>
  </testcase> <!-- test5_ShipOrder -->
  <testcase classname="testuniversity.Amazon_FakeSite" name="test3_PlaceOrder" time="0.0">
    <ignored/>
  </testcase> <!-- test3_PlaceOrder -->
</testsuite> <!-- Exclude Regression Groups Test -->
