<?xml version="1.0" encoding="UTF-8"?>
<!-- Generated by org.testng.reporters.JUnitXMLReporter -->
<testsuite ignored="8" hostname="workstation" failures="0" tests="5" name="Include 2 Classes Groups Test" time="0.046" errors="0" timestamp="2023-11-06T13:50:28 ALMT">
  <testcase classname="testuniversity.Amazon_FakeSite" name="test2_SearchProducts" time="0.009"/>
  <testcase classname="testuniversity.Amazon_FakeSite" name="test3_PlaceOrder" time="0.001"/>
  <testcase classname="testuniversity.Amazon_FakeSite" name="test5_ShipOrder" time="0.001"/>
  <testcase classname="testuniversity.Groups_DependsOnGroups_Pass" name="test1_setUpChrome" time="0.001"/>
  <testcase classname="testuniversity.Groups_DependsOnGroups_Pass" name="test2_openOrangeCRM" time="0.001"/>
  <testcase classname="testuniversity.Amazon_FakeSite" name="test4_SendConfirmation" time="0.0">
    <ignored/>
  </testcase> <!-- test4_SendConfirmation -->
  <testcase classname="testuniversity.Groups_DependsOnGroups_Pass" name="test3_signIn" time="0.0">
    <ignored/>
  </testcase> <!-- test3_signIn -->
  <testcase classname="testuniversity.Groups_DependsOnGroups_Pass" name="test5_searchEmployee" time="0.0">
    <ignored/>
  </testcase> <!-- test5_searchEmployee -->
  <testcase classname="testuniversity.Groups_DependsOnGroups_Pass" name="test7_signOut" time="0.0">
    <ignored/>
  </testcase> <!-- test7_signOut -->
  <testcase classname="testuniversity.Groups_DependsOnGroups_Pass" name="test4_searchUser" time="0.0">
    <ignored/>
  </testcase> <!-- test4_searchUser -->
  <testcase classname="testuniversity.Amazon_FakeSite" name="test6_LogOut" time="0.0">
    <ignored/>
  </testcase> <!-- test6_LogOut -->
  <testcase classname="testuniversity.Amazon_FakeSite" name="test1_LogIn" time="0.0">
    <ignored/>
  </testcase> <!-- test1_LogIn -->
  <testcase classname="testuniversity.Groups_DependsOnGroups_Pass" name="test6_searchCandidate" time="0.0">
    <ignored/>
  </testcase> <!-- test6_searchCandidate -->
</testsuite> <!-- Include 2 Classes Groups Test -->
