<?xml version="1.0" encoding="UTF-8"?>
<!-- Generated by org.testng.reporters.JUnitXMLReporter -->
<testsuite ignored="5" hostname="workstation" failures="0" tests="1" name="Include Regression - Exclude Defect Groups Test" time="0.029" errors="0" timestamp="2023-11-06T13:46:10 ALMT">
  <testcase classname="testuniversity.Amazon_FakeSite" name="test2_SearchProducts" time="0.005"/>
  <testcase classname="testuniversity.Amazon_FakeSite" name="test4_SendConfirmation" time="0.0">
    <ignored/>
  </testcase> <!-- test4_SendConfirmation -->
  <testcase classname="testuniversity.Amazon_FakeSite" name="test6_LogOut" time="0.0">
    <ignored/>
  </testcase> <!-- test6_LogOut -->
  <testcase classname="testuniversity.Amazon_FakeSite" name="test1_LogIn" time="0.0">
    <ignored/>
  </testcase> <!-- test1_LogIn -->
  <testcase classname="testuniversity.Amazon_FakeSite" name="test5_ShipOrder" time="0.0">
    <ignored/>
  </testcase> <!-- test5_ShipOrder -->
  <testcase classname="testuniversity.Amazon_FakeSite" name="test3_PlaceOrder" time="0.0">
    <ignored/>
  </testcase> <!-- test3_PlaceOrder -->
</testsuite> <!-- Include Regression - Exclude Defect Groups Test -->
