<?xml version="1.0" encoding="UTF-8"?>
<!-- Generated by org.testng.reporters.JUnitXMLReporter -->
<testsuite ignored="3" hostname="workstation" failures="0" tests="3" name="Include Regression Defect Groups Test" time="0.031" errors="0" timestamp="2023-11-06T13:44:50 ALMT">
  <testcase classname="testuniversity.Amazon_FakeSite" name="test2_SearchProducts" time="0.005"/>
  <testcase classname="testuniversity.Amazon_FakeSite" name="test3_PlaceOrder" time="0.0"/>
  <testcase classname="testuniversity.Amazon_FakeSite" name="test5_ShipOrder" time="0.001"/>
  <testcase classname="testuniversity.Amazon_FakeSite" name="test4_SendConfirmation" time="0.0">
    <ignored/>
  </testcase> <!-- test4_SendConfirmation -->
  <testcase classname="testuniversity.Amazon_FakeSite" name="test6_LogOut" time="0.0">
    <ignored/>
  </testcase> <!-- test6_LogOut -->
  <testcase classname="testuniversity.Amazon_FakeSite" name="test1_LogIn" time="0.0">
    <ignored/>
  </testcase> <!-- test1_LogIn -->
</testsuite> <!-- Include Regression Defect Groups Test -->
