<?xml version="1.0" encoding="UTF-8"?>
<testng-results ignored="1" total="2" passed="1" failed="0" skipped="0">
  <reporter-output>
  </reporter-output>
  <suite started-at="2023-11-05T16:59:23 ALMT" name="Test Automation University Suite" finished-at="2023-11-05T16:59:23 ALMT" duration-ms="32">
    <groups>
    </groups>
    <test started-at="2023-11-05T16:59:23 ALMT" name="Search For A Customer" finished-at="2023-11-05T16:59:23 ALMT" duration-ms="32">
      <class name="testuniversity.Configuration_Annotations">
        <test-method is-config="true" signature="beforeSuite()[pri:0, instance:testuniversity.Configuration_Annotations@7c711375]" started-at="2023-11-05T16:59:23 ALMT" name="beforeSuite" finished-at="2023-11-05T16:59:23 ALMT" duration-ms="5" status="PASS">
          <reporter-output>
          </reporter-output>
        </test-method> <!-- beforeSuite -->
        <test-method is-config="true" signature="beforeTest()[pri:0, instance:testuniversity.Configuration_Annotations@7c711375]" started-at="2023-11-05T16:59:23 ALMT" name="beforeTest" finished-at="2023-11-05T16:59:23 ALMT" duration-ms="0" status="PASS">
          <reporter-output>
          </reporter-output>
        </test-method> <!-- beforeTest -->
        <test-method is-config="true" signature="beforeClass()[pri:0, instance:testuniversity.Configuration_Annotations@7c711375]" started-at="2023-11-05T16:59:23 ALMT" name="beforeClass" finished-at="2023-11-05T16:59:23 ALMT" duration-ms="1" status="PASS">
          <reporter-output>
          </reporter-output>
        </test-method> <!-- beforeClass -->
        <test-method is-config="true" signature="beforeMethod()[pri:0, instance:testuniversity.Configuration_Annotations@7c711375]" started-at="2023-11-05T16:59:23 ALMT" name="beforeMethod" finished-at="2023-11-05T16:59:23 ALMT" duration-ms="0" status="PASS">
          <reporter-output>
          </reporter-output>
        </test-method> <!-- beforeMethod -->
        <test-method signature="searchCustomer()[pri:0, instance:testuniversity.Configuration_Annotations@7c711375]" started-at="2023-11-05T16:59:23 ALMT" name="searchCustomer" finished-at="2023-11-05T16:59:23 ALMT" duration-ms="6" status="PASS">
          <reporter-output>
          </reporter-output>
        </test-method> <!-- searchCustomer -->
        <test-method is-config="true" signature="afterMethod()[pri:0, instance:testuniversity.Configuration_Annotations@7c711375]" started-at="2023-11-05T16:59:23 ALMT" name="afterMethod" finished-at="2023-11-05T16:59:23 ALMT" duration-ms="0" status="PASS">
          <reporter-output>
          </reporter-output>
        </test-method> <!-- afterMethod -->
        <test-method is-config="true" signature="afterClass()[pri:0, instance:testuniversity.Configuration_Annotations@7c711375]" started-at="2023-11-05T16:59:23 ALMT" name="afterClass" finished-at="2023-11-05T16:59:23 ALMT" duration-ms="0" status="PASS">
          <reporter-output>
          </reporter-output>
        </test-method> <!-- afterClass -->
        <test-method is-config="true" signature="afterTest()[pri:0, instance:testuniversity.Configuration_Annotations@7c711375]" started-at="2023-11-05T16:59:23 ALMT" name="afterTest" finished-at="2023-11-05T16:59:23 ALMT" duration-ms="0" status="PASS">
          <reporter-output>
          </reporter-output>
        </test-method> <!-- afterTest -->
        <test-method is-config="true" signature="afterSuite()[pri:0, instance:testuniversity.Configuration_Annotations@7c711375]" started-at="2023-11-05T16:59:23 ALMT" name="afterSuite" finished-at="2023-11-05T16:59:23 ALMT" duration-ms="0" status="PASS">
          <reporter-output>
          </reporter-output>
        </test-method> <!-- afterSuite -->
      </class> <!-- testuniversity.Configuration_Annotations -->
    </test> <!-- Search For A Customer -->
  </suite> <!-- Test Automation University Suite -->
</testng-results>
