<?xml version="1.0" encoding="UTF-8"?>
<!-- Generated by org.testng.reporters.JUnitXMLReporter -->
<testsuite ignored="0" hostname="workstation" failures="0" tests="2" name="Configuration Annotation Test" time="0.031" errors="0" timestamp="2023-11-05T16:54:44 ALMT">
  <testcase classname="testuniversity.Configuration_Annotations" name="searchCustomer" time="0.004"/>
  <testcase classname="testuniversity.Configuration_Annotations" name="searchProduct" time="0.001"/>
</testsuite> <!-- Configuration Annotation Test -->
