<?xml version="1.0" encoding="UTF-8"?>
<!-- Generated by org.testng.reporters.JUnitXMLReporter -->
<testsuite ignored="1" hostname="workstation" failures="0" tests="6" name="Depends On Methods Attributes Test" time="0.042" errors="0" timestamp="2023-11-06T11:48:39 ALMT">
  <testcase classname="testuniversity.DependsOnMethods_No" name="test1_setUpChrome" time="0.009"/>
  <testcase classname="testuniversity.DependsOnMethods_No" name="test2_openOrangeCRM" time="0.0"/>
  <testcase classname="testuniversity.DependsOnMethods_No" name="test3_signIn" time="0.0"/>
  <testcase classname="testuniversity.DependsOnMethods_No" name="test4_searchUser" time="0.0"/>
  <testcase classname="testuniversity.DependsOnMethods_No" name="test6_searchCandidate" time="0.001"/>
  <testcase classname="testuniversity.DependsOnMethods_No" name="test7_signOut" time="0.0"/>
  <testcase classname="testuniversity.DependsOnMethods_No" name="test5_searchEmployee" time="0.0">
    <ignored/>
  </testcase> <!-- test5_searchEmployee -->
</testsuite> <!-- Depends On Methods Attributes Test -->
