<?xml version="1.0" encoding="UTF-8"?>
<!-- Generated by org.testng.reporters.JUnitXMLReporter -->
<testsuite ignored="1" hostname="workstation" failures="0" tests="1" name="Search For A Customer" time="0.032" errors="0" timestamp="2023-11-05T16:59:23 ALMT">
  <testcase classname="testuniversity.Configuration_Annotations" name="searchCustomer" time="0.006"/>
  <testcase classname="testuniversity.Configuration_Annotations" name="searchProduct" time="0.0">
    <ignored/>
  </testcase> <!-- searchProduct -->
</testsuite> <!-- Search For A Customer -->
